node:internal/modules/cjs/loader:1143
  throw err;
  ^

Error: Cannot find module '/home/chalamandramagistral/Microcosmos_Elite/GhostPulse.js'
    at Module._resolveFilename (node:internal/modules/cjs/loader:1140:15)
    at Module._load (node:internal/modules/cjs/loader:981:27)
    at Function.executeUserEntryPoint [as runMain] (node:internal/modules/run_main:128:12)
    at node:internal/main/run_main_module:28:49 {
  code: 'MODULE_NOT_FOUND',
  requireStack: []
}

Node.js v18.20.4
file:///home/chalamandramagistral/Microcosmos_Elite/GhostPulse.js:1
const fs = require('fs');
           ^

ReferenceError: require is not defined in ES module scope, you can use import instead
This file is being treated as an ES module because it has a '.js' file extension and '/home/chalamandramagistral/package.json' contains "type": "module". To treat it as a CommonJS script, rename it to use the '.cjs' file extension.
    at file:///home/chalamandramagistral/Microcosmos_Elite/GhostPulse.js:1:12
    at ModuleJob.run (node:internal/modules/esm/module_job:195:25)
    at async ModuleLoader.import (node:internal/modules/esm/loader:337:24)
    at async loadESM (node:internal/process/esm_loader:34:7)
    at async handleMainPromise (node:internal/modules/run_main:106:12)

Node.js v18.20.4
