nohup: ignoring input
💓 Latido: Wed Mar  4 01:42:22 AM CST 2026
Traceback (most recent call last):
  File "/home/chalamandramagistral/microcosmos_elite/scripts/shor_15.py", line 4, in <module>
    import psutil
ModuleNotFoundError: No module named 'psutil'
Traceback (most recent call last):
  File "/home/chalamandramagistral/microcosmos_elite/scripts/grover_engine.py", line 2, in <module>
    import numpy as np
ModuleNotFoundError: No module named 'numpy'
jq: error: syntax error, unexpected INVALID_CHARACTER, expecting $end (Unix shell quoting issues?) at <top-level>, line 1:
.mejor_campaña // .mejor_campana // 6            
jq: 1 compile error
jq: error (at <unknown>): Expected JSON value (while parsing '')
📊 Telemetría: CPU null% | RAM Delta: nullMB | Nirvana: %
💓 Latido: Wed Mar  4 01:42:33 AM CST 2026
Traceback (most recent call last):
  File "/home/chalamandramagistral/microcosmos_elite/scripts/shor_15.py", line 4, in <module>
    import psutil
ModuleNotFoundError: No module named 'psutil'
Traceback (most recent call last):
  File "/home/chalamandramagistral/microcosmos_elite/scripts/grover_engine.py", line 2, in <module>
    import numpy as np
ModuleNotFoundError: No module named 'numpy'
jq: error: syntax error, unexpected INVALID_CHARACTER, expecting $end (Unix shell quoting issues?) at <top-level>, line 1:
.mejor_campaña // .mejor_campana // 6            
jq: 1 compile error
jq: error (at <unknown>): Expected JSON value (while parsing '')
📊 Telemetría: CPU null% | RAM Delta: nullMB | Nirvana: %
💓 Latido: Wed Mar  4 01:42:43 AM CST 2026
Traceback (most recent call last):
  File "/home/chalamandramagistral/microcosmos_elite/scripts/shor_15.py", line 4, in <module>
    import psutil
ModuleNotFoundError: No module named 'psutil'
Traceback (most recent call last):
  File "/home/chalamandramagistral/microcosmos_elite/scripts/grover_engine.py", line 2, in <module>
    import numpy as np
ModuleNotFoundError: No module named 'numpy'
jq: error: syntax error, unexpected INVALID_CHARACTER, expecting $end (Unix shell quoting issues?) at <top-level>, line 1:
.mejor_campaña // .mejor_campana // 6            
jq: 1 compile error
jq: error (at <unknown>): Expected JSON value (while parsing '')
📊 Telemetría: CPU null% | RAM Delta: nullMB | Nirvana: %
💓 Latido: Wed Mar  4 01:42:54 AM CST 2026
Traceback (most recent call last):
  File "/home/chalamandramagistral/microcosmos_elite/scripts/shor_15.py", line 4, in <module>
    import psutil
ModuleNotFoundError: No module named 'psutil'
Traceback (most recent call last):
  File "/home/chalamandramagistral/microcosmos_elite/scripts/grover_engine.py", line 2, in <module>
    import numpy as np
ModuleNotFoundError: No module named 'numpy'
jq: error: syntax error, unexpected INVALID_CHARACTER, expecting $end (Unix shell quoting issues?) at <top-level>, line 1:
.mejor_campaña // .mejor_campana // 6            
jq: 1 compile error
jq: error (at <unknown>): Expected JSON value (while parsing '')
📊 Telemetría: CPU null% | RAM Delta: nullMB | Nirvana: %
💓 Latido: Wed Mar  4 01:43:05 AM CST 2026
Traceback (most recent call last):
  File "/home/chalamandramagistral/microcosmos_elite/scripts/shor_15.py", line 4, in <module>
    import psutil
ModuleNotFoundError: No module named 'psutil'
Traceback (most recent call last):
  File "/home/chalamandramagistral/microcosmos_elite/scripts/grover_engine.py", line 2, in <module>
    import numpy as np
ModuleNotFoundError: No module named 'numpy'
jq: error: syntax error, unexpected INVALID_CHARACTER, expecting $end (Unix shell quoting issues?) at <top-level>, line 1:
.mejor_campaña // .mejor_campana // 6            
jq: 1 compile error
jq: error (at <unknown>): Expected JSON value (while parsing '')
📊 Telemetría: CPU null% | RAM Delta: nullMB | Nirvana: %
💓 Latido: Wed Mar  4 01:43:16 AM CST 2026
Traceback (most recent call last):
  File "/home/chalamandramagistral/microcosmos_elite/scripts/shor_15.py", line 4, in <module>
    import psutil
ModuleNotFoundError: No module named 'psutil'
Traceback (most recent call last):
  File "/home/chalamandramagistral/microcosmos_elite/scripts/grover_engine.py", line 2, in <module>
    import numpy as np
ModuleNotFoundError: No module named 'numpy'
jq: error: syntax error, unexpected INVALID_CHARACTER, expecting $end (Unix shell quoting issues?) at <top-level>, line 1:
.mejor_campaña // .mejor_campana // 6            
jq: 1 compile error
jq: error (at <unknown>): Expected JSON value (while parsing '')
📊 Telemetría: CPU null% | RAM Delta: nullMB | Nirvana: %
💓 Latido: Wed Mar  4 01:43:27 AM CST 2026
Traceback (most recent call last):
  File "/home/chalamandramagistral/microcosmos_elite/scripts/shor_15.py", line 4, in <module>
    import psutil
ModuleNotFoundError: No module named 'psutil'
Traceback (most recent call last):
  File "/home/chalamandramagistral/microcosmos_elite/scripts/grover_engine.py", line 2, in <module>
    import numpy as np
ModuleNotFoundError: No module named 'numpy'
jq: error: syntax error, unexpected INVALID_CHARACTER, expecting $end (Unix shell quoting issues?) at <top-level>, line 1:
.mejor_campaña // .mejor_campana // 6            
jq: 1 compile error
jq: error (at <unknown>): Expected JSON value (while parsing '')
📊 Telemetría: CPU null% | RAM Delta: nullMB | Nirvana: %
💓 Latido: Wed Mar  4 01:43:38 AM CST 2026
Traceback (most recent call last):
  File "/home/chalamandramagistral/microcosmos_elite/scripts/shor_15.py", line 4, in <module>
    import psutil
ModuleNotFoundError: No module named 'psutil'
Traceback (most recent call last):
  File "/home/chalamandramagistral/microcosmos_elite/scripts/grover_engine.py", line 2, in <module>
    import numpy as np
ModuleNotFoundError: No module named 'numpy'
jq: error: syntax error, unexpected INVALID_CHARACTER, expecting $end (Unix shell quoting issues?) at <top-level>, line 1:
.mejor_campaña // .mejor_campana // 6            
jq: 1 compile error
/home/chalamandramagistral/microcosmos_elite/scripts/sync_metrics.sh: line 17: echo: write error: Broken pipe
jq: error (at <unknown>): Expected JSON value (while parsing '')
📊 Telemetría: CPU null% | RAM Delta: nullMB | Nirvana: %
💓 Latido: Wed Mar  4 01:43:49 AM CST 2026
Traceback (most recent call last):
  File "/home/chalamandramagistral/microcosmos_elite/scripts/shor_15.py", line 4, in <module>
    import psutil
ModuleNotFoundError: No module named 'psutil'
Traceback (most recent call last):
  File "/home/chalamandramagistral/microcosmos_elite/scripts/grover_engine.py", line 2, in <module>
    import numpy as np
ModuleNotFoundError: No module named 'numpy'
jq: error: syntax error, unexpected INVALID_CHARACTER, expecting $end (Unix shell quoting issues?) at <top-level>, line 1:
.mejor_campaña // .mejor_campana // 6            
jq: 1 compile error
jq: error (at <unknown>): Expected JSON value (while parsing '')
📊 Telemetría: CPU null% | RAM Delta: nullMB | Nirvana: %
💓 Latido: Wed Mar  4 01:44:00 AM CST 2026
Traceback (most recent call last):
  File "/home/chalamandramagistral/microcosmos_elite/scripts/shor_15.py", line 4, in <module>
    import psutil
ModuleNotFoundError: No module named 'psutil'
Traceback (most recent call last):
  File "/home/chalamandramagistral/microcosmos_elite/scripts/grover_engine.py", line 2, in <module>
    import numpy as np
ModuleNotFoundError: No module named 'numpy'
jq: error: syntax error, unexpected INVALID_CHARACTER, expecting $end (Unix shell quoting issues?) at <top-level>, line 1:
.mejor_campaña // .mejor_campana // 6            
jq: 1 compile error
jq: error (at <unknown>): Expected JSON value (while parsing '')
📊 Telemetría: CPU null% | RAM Delta: nullMB | Nirvana: %
💓 Latido: Wed Mar  4 01:44:15 AM CST 2026
Traceback (most recent call last):
  File "/home/chalamandramagistral/microcosmos_elite/scripts/shor_15.py", line 4, in <module>
    import psutil
ModuleNotFoundError: No module named 'psutil'
Traceback (most recent call last):
  File "/home/chalamandramagistral/microcosmos_elite/scripts/grover_engine.py", line 2, in <module>
    import numpy as np
ModuleNotFoundError: No module named 'numpy'
jq: error: syntax error, unexpected INVALID_CHARACTER, expecting $end (Unix shell quoting issues?) at <top-level>, line 1:
.mejor_campaña // .mejor_campana // 6            
jq: 1 compile error
jq: error (at <unknown>): Expected JSON value (while parsing '')
📊 Telemetría: CPU null% | RAM Delta: nullMB | Nirvana: %
💓 Latido: Wed Mar  4 01:44:26 AM CST 2026
Traceback (most recent call last):
  File "/home/chalamandramagistral/microcosmos_elite/scripts/shor_15.py", line 4, in <module>
    import psutil
ModuleNotFoundError: No module named 'psutil'
Traceback (most recent call last):
  File "/home/chalamandramagistral/microcosmos_elite/scripts/grover_engine.py", line 2, in <module>
    import numpy as np
ModuleNotFoundError: No module named 'numpy'
jq: error: syntax error, unexpected INVALID_CHARACTER, expecting $end (Unix shell quoting issues?) at <top-level>, line 1:
.mejor_campaña // .mejor_campana // 6            
jq: 1 compile error
/home/chalamandramagistral/microcosmos_elite/scripts/sync_metrics.sh: line 17: echo: write error: Broken pipe
jq: error (at <unknown>): Expected JSON value (while parsing '')
📊 Telemetría: CPU null% | RAM Delta: nullMB | Nirvana: %
💓 Latido: Wed Mar  4 01:44:37 AM CST 2026
Traceback (most recent call last):
  File "/home/chalamandramagistral/microcosmos_elite/scripts/shor_15.py", line 4, in <module>
    import psutil
ModuleNotFoundError: No module named 'psutil'
Traceback (most recent call last):
  File "/home/chalamandramagistral/microcosmos_elite/scripts/grover_engine.py", line 2, in <module>
    import numpy as np
ModuleNotFoundError: No module named 'numpy'
jq: error: syntax error, unexpected INVALID_CHARACTER, expecting $end (Unix shell quoting issues?) at <top-level>, line 1:
.mejor_campaña // .mejor_campana // 6            
jq: 1 compile error
jq: error (at <unknown>): Expected JSON value (while parsing '')
📊 Telemetría: CPU null% | RAM Delta: nullMB | Nirvana: %
